<?xml version="1.0" encoding="UTF-8"?>
<!-- Generated by org.testng.reporters.JUnitXMLReporter -->
<testsuite ignored="0" hostname="DESKTOP-ASS0TK8" failures="1" tests="2" name="Test" time="24.112" errors="0" timestamp="2022-04-03T18:09:22 IST">
  <testcase classname="com.Testng.Time_Out" name="login" time="10.02">
    <failure type="org.testng.internal.thread.ThreadTimeoutException" message="Method com.Testng.Time_Out.login() didn&amp;apos;t finish within the time-out 10000">
      <![CDATA[org.testng.internal.thread.ThreadTimeoutException: Method com.Testng.Time_Out.login() didn't finish within the time-out 10000
at java.base/java.util.ArrayList.forEach(ArrayList.java:1511)
... Removed 24 stack frames]]>
    </failure>
  </testcase> <!-- login -->
  <testcase classname="com.Testng.Time_Out" name="username" time="14.039"/>
</testsuite> <!-- Test -->
